<?xml version="1.0" encoding="UTF-8"?>
<!-- Generated by org.testng.reporters.JUnitXMLReporter -->
<testsuite hostname="Menys-MacBook-Pro.local" name="Regression" tests="1" failures="1" timestamp="13 Jun 2017 10:43:17 GMT" time="5235.477" errors="0">
  <testcase name="Actions_List_Row_Popup" time="5216.025" classname="Native.SanityAndroid">
    <failure type="java.lang.AssertionError" message="com.skygiraffe.operationaldata:id/push_notification_dialog_cancel_btn didn&amp;apos;t display">
      <![CDATA[java.lang.AssertionError: com.skygiraffe.operationaldata:id/push_notification_dialog_cancel_btn didn't display
	at Native.AndroidMethods.clickId(AndroidMethods.java:524)
	at Native.SanityAndroid.Actions_List_Row_Popup(SanityAndroid.java:1504)
... Removed 25 stack frames]]>
    </failure>
  </testcase> <!-- Actions_List_Row_Popup -->
</testsuite> <!-- Regression -->
