<?xml version="1.0" encoding="UTF-8"?>
<!-- Generated by org.testng.reporters.JUnitXMLReporter -->
<testsuite hostname="SGMacBookPROs-MacBook-Pro.local" name="Sanity Tests" tests="3" failures="2" timestamp="23 Aug 2015 08:17:28 GMT" time="517.566" errors="0">
  <testcase name="@BeforeMethod checkHomeScreen" time="0.0" classname="Native.SanityIos">
    <failure type="java.lang.AssertionError" message="//UIAApplication[1]/UIAWindow[1]/UIANavigationBar[1]/UIAButton[2] didn&amp;apos;t display">
      <![CDATA[java.lang.AssertionError: //UIAApplication[1]/UIAWindow[1]/UIANavigationBar[1]/UIAButton[2] didn't display
	at Native.IosMethods.clickXpth(IosMethods.java:482)
	at Native.IosMethods.cleanLoginIos(IosMethods.java:78)
	at Native.SanityIos.checkHomeScreen(SanityIos.java:102)
... Removed 27 stack frames]]>
    </failure>
  </testcase> <!-- @BeforeMethod checkHomeScreen -->
  <testcase name="actions" time="48.97" classname="Native.SanityIos">
    <failure type="java.lang.AssertionError" message="InGrid didn&amp;apos;t display">
      <![CDATA[java.lang.AssertionError: InGrid didn't display
	at Native.IosMethods.clickName(IosMethods.java:520)
	at Native.SanityIos.actions(SanityIos.java:373)
... Removed 25 stack frames]]>
    </failure>
  </testcase> <!-- actions -->
  <testcase name="actions" time="199.298" classname="Native.SanityIos">
    <failure type="com.applitools.eyes.TestFailedException" message="&amp;apos;iOS_Actions_SimpleList_Manually_Build&amp;apos; of &amp;apos;iOS_SG&amp;apos;. See details at https://eyes.applitools.com/app/sessions/251961983134195">
      <![CDATA[com.applitools.eyes.TestFailedException: 'iOS_Actions_SimpleList_Manually_Build' of 'iOS_SG'. See details at https://eyes.applitools.com/app/sessions/251961983134195
	at com.applitools.eyes.EyesBase.close(EyesBase.java:504)
	at com.applitools.eyes.Eyes.close(Eyes.java:22)
	at com.applitools.eyes.EyesBase.close(EyesBase.java:444)
	at com.applitools.eyes.Eyes.close(Eyes.java:22)
	at Native.IosMethods.eyesCheckWindow(IosMethods.java:90)
	at Native.SanityIos.actions(SanityIos.java:385)
... Removed 24 stack frames]]>
    </failure>
  </testcase> <!-- actions -->
  <testcase name="actions" time="0.001" classname="Native.SanityIos">
    <skipped/>
  </testcase> <!-- actions -->
</testsuite> <!-- Sanity Tests -->
