<?xml version="1.0" encoding="UTF-8"?>
<!-- Generated by org.testng.reporters.JUnitXMLReporter -->
<testsuite hostname="Menys-MacBook-Pro.local" name="Regression(failed)" tests="1" failures="1" timestamp="22 Jun 2017 13:02:18 GMT" time="90.007" errors="0">
  <testcase name="Actions_List_Row_Popup" time="69.704" classname="Native.SanityAndroid">
    <failure type="java.lang.AssertionError" message="com.skygiraffe.operationaldata:id/one_lvls_item_seemore_btn didn&amp;apos;t display">
      <![CDATA[java.lang.AssertionError: com.skygiraffe.operationaldata:id/one_lvls_item_seemore_btn didn't display
	at Native.AndroidMethods.clickId(AndroidMethods.java:524)
	at Native.SanityAndroid.Actions_List_Row_Popup(SanityAndroid.java:1403)
... Removed 25 stack frames]]>
    </failure>
  </testcase> <!-- Actions_List_Row_Popup -->
</testsuite> <!-- Regression(failed) -->
