<?xml version="1.0" encoding="UTF-8"?>
<testng-results skipped="0" failed="1" total="1" passed="0">
  <reporter-output>
  </reporter-output>
  <suite name="Failed suite [Suite]" duration-ms="90007" started-at="2017-06-22T13:00:43Z" finished-at="2017-06-22T13:02:13Z">
    <groups>
      <group name="Sanity Android1">
        <method signature="SanityAndroid.Actions_List_Row_Popup()[pri:0, instance:Native.SanityAndroid@1b765a2c]" name="Actions_List_Row_Popup" class="Native.SanityAndroid"/>
      </group> <!-- Sanity Android1 -->
    </groups>
    <test name="Regression(failed)" duration-ms="90007" started-at="2017-06-22T13:00:43Z" finished-at="2017-06-22T13:02:13Z">
      <class name="Native.SanityAndroid">
        <test-method status="PASS" signature="setupBeforeSuite(org.testng.ITestContext)[pri:0, instance:Native.SanityAndroid@1b765a2c]" name="setupBeforeSuite" is-config="true" duration-ms="99234" started-at="2017-06-22T15:59:03Z" finished-at="2017-06-22T16:00:43Z">
          <params>
            <param index="0">
              <value>
                <![CDATA[org.testng.TestRunner@987455b]]>
              </value>
            </param>
          </params>
          <reporter-output>
          </reporter-output>
        </test-method> <!-- setupBeforeSuite -->
        <test-method status="PASS" signature="checkHomeScreen()[pri:0, instance:Native.SanityAndroid@1b765a2c]" name="checkHomeScreen" is-config="true" duration-ms="20286" started-at="2017-06-22T16:00:43Z" finished-at="2017-06-22T16:01:03Z">
          <reporter-output>
          </reporter-output>
        </test-method> <!-- checkHomeScreen -->
        <test-method status="FAIL" signature="Actions_List_Row_Popup()[pri:0, instance:Native.SanityAndroid@1b765a2c]" name="Actions_List_Row_Popup" duration-ms="69704" started-at="2017-06-22T16:01:03Z" description="Check the List tab" finished-at="2017-06-22T16:02:13Z">
          <exception class="java.lang.AssertionError">
            <message>
              <![CDATA[com.skygiraffe.operationaldata:id/one_lvls_item_seemore_btn didn't display]]>
            </message>
            <full-stacktrace>
              <![CDATA[java.lang.AssertionError: com.skygiraffe.operationaldata:id/one_lvls_item_seemore_btn didn't display
	at org.testng.Assert.fail(Assert.java:94)
	at Native.AndroidMethods.clickId(AndroidMethods.java:524)
	at Native.SanityAndroid.Actions_List_Row_Popup(SanityAndroid.java:1403)
	at sun.reflect.NativeMethodAccessorImpl.invoke0(Native Method)
	at sun.reflect.NativeMethodAccessorImpl.invoke(NativeMethodAccessorImpl.java:62)
	at sun.reflect.DelegatingMethodAccessorImpl.invoke(DelegatingMethodAccessorImpl.java:43)
	at java.lang.reflect.Method.invoke(Method.java:498)
	at org.testng.internal.MethodInvocationHelper.invokeMethod(MethodInvocationHelper.java:85)
	at org.testng.internal.Invoker.invokeMethod(Invoker.java:639)
	at org.testng.internal.Invoker.invokeTestMethod(Invoker.java:816)
	at org.testng.internal.Invoker.invokeTestMethods(Invoker.java:1124)
	at org.testng.internal.TestMethodWorker.invokeTestMethods(TestMethodWorker.java:125)
	at org.testng.internal.TestMethodWorker.run(TestMethodWorker.java:108)
	at org.testng.TestRunner.privateRun(TestRunner.java:774)
	at org.testng.TestRunner.run(TestRunner.java:624)
	at org.testng.SuiteRunner.runTest(SuiteRunner.java:359)
	at org.testng.SuiteRunner.runSequentially(SuiteRunner.java:354)
	at org.testng.SuiteRunner.privateRun(SuiteRunner.java:312)
	at org.testng.SuiteRunner.run(SuiteRunner.java:261)
	at org.testng.SuiteRunnerWorker.runSuite(SuiteRunnerWorker.java:52)
	at org.testng.SuiteRunnerWorker.run(SuiteRunnerWorker.java:86)
	at org.testng.TestNG.runSuitesSequentially(TestNG.java:1215)
	at org.testng.TestNG.runSuitesLocally(TestNG.java:1140)
	at org.testng.TestNG.run(TestNG.java:1048)
	at org.testng.remote.AbstractRemoteTestNG.run(AbstractRemoteTestNG.java:132)
	at org.testng.remote.RemoteTestNG.initAndRun(RemoteTestNG.java:236)
	at org.testng.remote.RemoteTestNG.main(RemoteTestNG.java:81)
]]>
            </full-stacktrace>
          </exception> <!-- java.lang.AssertionError -->
          <reporter-output>
          </reporter-output>
        </test-method> <!-- Actions_List_Row_Popup -->
        <test-method status="PASS" signature="tearDown()[pri:0, instance:Native.SanityAndroid@1b765a2c]" name="tearDown" is-config="true" duration-ms="173644" started-at="2017-06-22T16:02:18Z" finished-at="2017-06-22T16:05:11Z">
          <reporter-output>
          </reporter-output>
        </test-method> <!-- tearDown -->
      </class> <!-- Native.SanityAndroid -->
    </test> <!-- Regression(failed) -->
  </suite> <!-- Failed suite [Suite] -->
</testng-results>
